Symlinking /local/vol00/home/vpetrov/dev/mavros_bluerov2/my_blue_rov_control_ws/devel/./cmake.lock
Symlinking /local/vol00/home/vpetrov/dev/mavros_bluerov2/my_blue_rov_control_ws/devel/./local_setup.zsh
Symlinking /local/vol00/home/vpetrov/dev/mavros_bluerov2/my_blue_rov_control_ws/devel/./env.sh
Symlinking /local/vol00/home/vpetrov/dev/mavros_bluerov2/my_blue_rov_control_ws/devel/./local_setup.bash
Symlinking /local/vol00/home/vpetrov/dev/mavros_bluerov2/my_blue_rov_control_ws/devel/./setup.bash
Symlinking /local/vol00/home/vpetrov/dev/mavros_bluerov2/my_blue_rov_control_ws/devel/./local_setup.sh
Symlinking /local/vol00/home/vpetrov/dev/mavros_bluerov2/my_blue_rov_control_ws/devel/./setup.zsh
Symlinking /local/vol00/home/vpetrov/dev/mavros_bluerov2/my_blue_rov_control_ws/devel/./setup.sh
Symlinking /local/vol00/home/vpetrov/dev/mavros_bluerov2/my_blue_rov_control_ws/devel/./_setup_util.py
Symlinking /local/vol00/home/vpetrov/dev/mavros_bluerov2/my_blue_rov_control_ws/devel/lib/pkgconfig/catkin_tools_prebuild.pc
Symlinking /local/vol00/home/vpetrov/dev/mavros_bluerov2/my_blue_rov_control_ws/devel/share/catkin_tools_prebuild/cmake/catkin_tools_prebuildConfig.cmake
Symlinking /local/vol00/home/vpetrov/dev/mavros_bluerov2/my_blue_rov_control_ws/devel/share/catkin_tools_prebuild/cmake/catkin_tools_prebuildConfig-version.cmake
Cleaning: (/local/vol00/home/vpetrov/dev/mavros_bluerov2/my_blue_rov_control/devel/.private/catkin_tools_prebuild/cmake.lock, /local/vol00/home/vpetrov/dev/mavros_bluerov2/my_blue_rov_control/devel/./cmake.lock)
Cleaning: (/local/vol00/home/vpetrov/dev/mavros_bluerov2/my_blue_rov_control/devel/.private/catkin_tools_prebuild/local_setup.zsh, /local/vol00/home/vpetrov/dev/mavros_bluerov2/my_blue_rov_control/devel/./local_setup.zsh)
Cleaning: (/local/vol00/home/vpetrov/dev/mavros_bluerov2/my_blue_rov_control/devel/.private/catkin_tools_prebuild/env.sh, /local/vol00/home/vpetrov/dev/mavros_bluerov2/my_blue_rov_control/devel/./env.sh)
Cleaning: (/local/vol00/home/vpetrov/dev/mavros_bluerov2/my_blue_rov_control/devel/.private/catkin_tools_prebuild/local_setup.bash, /local/vol00/home/vpetrov/dev/mavros_bluerov2/my_blue_rov_control/devel/./local_setup.bash)
Cleaning: (/local/vol00/home/vpetrov/dev/mavros_bluerov2/my_blue_rov_control/devel/.private/catkin_tools_prebuild/setup.bash, /local/vol00/home/vpetrov/dev/mavros_bluerov2/my_blue_rov_control/devel/./setup.bash)
Cleaning: (/local/vol00/home/vpetrov/dev/mavros_bluerov2/my_blue_rov_control/devel/.private/catkin_tools_prebuild/local_setup.sh, /local/vol00/home/vpetrov/dev/mavros_bluerov2/my_blue_rov_control/devel/./local_setup.sh)
Cleaning: (/local/vol00/home/vpetrov/dev/mavros_bluerov2/my_blue_rov_control/devel/.private/catkin_tools_prebuild/setup.zsh, /local/vol00/home/vpetrov/dev/mavros_bluerov2/my_blue_rov_control/devel/./setup.zsh)
Cleaning: (/local/vol00/home/vpetrov/dev/mavros_bluerov2/my_blue_rov_control/devel/.private/catkin_tools_prebuild/setup.sh, /local/vol00/home/vpetrov/dev/mavros_bluerov2/my_blue_rov_control/devel/./setup.sh)
Cleaning: (/local/vol00/home/vpetrov/dev/mavros_bluerov2/my_blue_rov_control/devel/.private/catkin_tools_prebuild/_setup_util.py, /local/vol00/home/vpetrov/dev/mavros_bluerov2/my_blue_rov_control/devel/./_setup_util.py)
Cleaning: (/local/vol00/home/vpetrov/dev/mavros_bluerov2/my_blue_rov_control/devel/.private/catkin_tools_prebuild/lib/pkgconfig/catkin_tools_prebuild.pc, /local/vol00/home/vpetrov/dev/mavros_bluerov2/my_blue_rov_control/devel/lib/pkgconfig/catkin_tools_prebuild.pc)
Cleaning: (/local/vol00/home/vpetrov/dev/mavros_bluerov2/my_blue_rov_control/devel/.private/catkin_tools_prebuild/share/catkin_tools_prebuild/cmake/catkin_tools_prebuildConfig.cmake, /local/vol00/home/vpetrov/dev/mavros_bluerov2/my_blue_rov_control/devel/share/catkin_tools_prebuild/cmake/catkin_tools_prebuildConfig.cmake)
Cleaning: (/local/vol00/home/vpetrov/dev/mavros_bluerov2/my_blue_rov_control/devel/.private/catkin_tools_prebuild/share/catkin_tools_prebuild/cmake/catkin_tools_prebuildConfig-version.cmake, /local/vol00/home/vpetrov/dev/mavros_bluerov2/my_blue_rov_control/devel/share/catkin_tools_prebuild/cmake/catkin_tools_prebuildConfig-version.cmake)
Unlinking: /local/vol00/home/vpetrov/dev/mavros_bluerov2/my_blue_rov_control/devel/./local_setup.zsh
Already unlinked: {}
Unlinking: /local/vol00/home/vpetrov/dev/mavros_bluerov2/my_blue_rov_control/devel/./env.sh
Already unlinked: {}
Unlinking: /local/vol00/home/vpetrov/dev/mavros_bluerov2/my_blue_rov_control/devel/./local_setup.bash
Already unlinked: {}
Unlinking: /local/vol00/home/vpetrov/dev/mavros_bluerov2/my_blue_rov_control/devel/./setup.bash
Already unlinked: {}
Unlinking: /local/vol00/home/vpetrov/dev/mavros_bluerov2/my_blue_rov_control/devel/./local_setup.sh
Already unlinked: {}
Unlinking: /local/vol00/home/vpetrov/dev/mavros_bluerov2/my_blue_rov_control/devel/./setup.zsh
Already unlinked: {}
Unlinking: /local/vol00/home/vpetrov/dev/mavros_bluerov2/my_blue_rov_control/devel/./setup.sh
Already unlinked: {}
Unlinking: /local/vol00/home/vpetrov/dev/mavros_bluerov2/my_blue_rov_control/devel/./_setup_util.py
Already unlinked: {}
Unlinking: /local/vol00/home/vpetrov/dev/mavros_bluerov2/my_blue_rov_control/devel/lib/pkgconfig/catkin_tools_prebuild.pc
Already unlinked: {}
Unlinking: /local/vol00/home/vpetrov/dev/mavros_bluerov2/my_blue_rov_control/devel/share/catkin_tools_prebuild/cmake/catkin_tools_prebuildConfig.cmake
Already unlinked: {}
Unlinking: /local/vol00/home/vpetrov/dev/mavros_bluerov2/my_blue_rov_control/devel/share/catkin_tools_prebuild/cmake/catkin_tools_prebuildConfig-version.cmake
Already unlinked: {}
